<?xml version="1.0" encoding="UTF-8" ?>
<testsuite tests="2" failures="1" name="TestSuite" time="91.499" errors="0" skipped="0">
  <properties>
[...]
</properties>
  <testcase classname="test.java.testCases.TestFramework_001" name="main" time="39.461"/>
  <testcase classname="test.java.testCases.TestFramework_002" name="f" time="52.038">
    <failure message="Unable to locate element: {&quot;method&quot;:&quot;class name&quot;,&quot;selector&quot;:&quot;go_to_checkout&quot;}
Command duration or timeout: 20.06 seconds
For documentation on this error, please visit: http://seleniumhq.org/exceptions/no_such_element.html
Build info: version: &apos;2.48.2&apos;, revision: &apos;41bccdd10cf2c0560f637404c2d96164b67d9d67&apos;, time: &apos;2015-10-09 13:08:06&apos;
System info: host: &apos;Richard&apos;, ip: &apos;192.168.138.1&apos;, os.name: &apos;Windows 8.1&apos;, os.arch: &apos;amd64&apos;, os.version: &apos;6.3&apos;, java.version: &apos;1.8.0_45&apos;
Driver info: org.openqa.selenium.firefox.FirefoxDriver
Capabilities [{applicationCacheEnabled=true, rotatable=false, handlesAlerts=true, databaseEnabled=true, version=41.0.2, platform=WINDOWS, nativeEvents=false, acceptSslCerts=true, webStorageEnabled=true, locationContextEnabled=true, browserName=firefox, takesScreenshot=true, javascriptEnabled=true, cssSelectorsEnabled=true}]
Session ID: 34723239-9c8e-45d2-b0db-161e53fb4006
*** Element info: {Using=class name, value=go_to_checkout}" type="org.openqa.selenium.NoSuchElementException">org.openqa.selenium.NoSuchElementException: Unable to locate element: {&quot;method&quot;:&quot;class name&quot;,&quot;selector&quot;:&quot;go_to_checkout&quot;}
Command duration or timeout: 20.06 seconds
For documentation on this error, please visit: http://seleniumhq.org/exceptions/no_such_element.html
Build info: version: &apos;2.48.2&apos;, revision: &apos;41bccdd10cf2c0560f637404c2d96164b67d9d67&apos;, time: &apos;2015-10-09 13:08:06&apos;
System info: host: &apos;Richard&apos;, ip: &apos;192.168.138.1&apos;, os.name: &apos;Windows 8.1&apos;, os.arch: &apos;amd64&apos;, os.version: &apos;6.3&apos;, java.version: &apos;1.8.0_45&apos;
Driver info: org.openqa.selenium.firefox.FirefoxDriver
Capabilities [{applicationCacheEnabled=true, rotatable=false, handlesAlerts=true, databaseEnabled=true, version=41.0.2, platform=WINDOWS, nativeEvents=false, acceptSslCerts=true, webStorageEnabled=true, locationContextEnabled=true, browserName=firefox, takesScreenshot=true, javascriptEnabled=true, cssSelectorsEnabled=true}]
Session ID: 34723239-9c8e-45d2-b0db-161e53fb4006
*** Element info: {Using=class name, value=go_to_checkout}
	at sun.reflect.NativeConstructorAccessorImpl.newInstance0(Native Method)
	at sun.reflect.NativeConstructorAccessorImpl.newInstance(NativeConstructorAccessorImpl.java:62)
	at sun.reflect.DelegatingConstructorAccessorImpl.newInstance(DelegatingConstructorAccessorImpl.java:45)
	at java.lang.reflect.Constructor.newInstance(Constructor.java:422)
	at org.openqa.selenium.remote.ErrorHandler.createThrowable(ErrorHandler.java:206)
	at org.openqa.selenium.remote.ErrorHandler.throwIfResponseFailed(ErrorHandler.java:158)
	at org.openqa.selenium.remote.RemoteWebDriver.execute(RemoteWebDriver.java:647)
	at org.openqa.selenium.remote.RemoteWebDriver.findElement(RemoteWebDriver.java:353)
	at org.openqa.selenium.remote.RemoteWebDriver.findElementByClassName(RemoteWebDriver.java:467)
	at org.openqa.selenium.By$ByClassName.findElement(By.java:391)
	at org.openqa.selenium.remote.RemoteWebDriver.findElement(RemoteWebDriver.java:345)
	at test.java.pageObjects.ProductListing_Page$PopUpAddToCart.btn_GoToCart(ProductListing_Page.java:134)
	at test.java.testCases.TestFramework_002.f(TestFramework_002.java:43)
Caused by: org.openqa.selenium.NoSuchElementException: Unable to locate element: {&quot;method&quot;:&quot;class name&quot;,&quot;selector&quot;:&quot;go_to_checkout&quot;}
For documentation on this error, please visit: http://seleniumhq.org/exceptions/no_such_element.html
Build info: version: &apos;2.48.2&apos;, revision: &apos;41bccdd10cf2c0560f637404c2d96164b67d9d67&apos;, time: &apos;2015-10-09 13:08:06&apos;
System info: host: &apos;Richard&apos;, ip: &apos;192.168.138.1&apos;, os.name: &apos;Windows 8.1&apos;, os.arch: &apos;amd64&apos;, os.version: &apos;6.3&apos;, java.version: &apos;1.8.0_45&apos;
Driver info: driver.version: unknown
	at &lt;anonymous class&gt;.FirefoxDriver.prototype.findElementInternal_(file:///C:/Users/Li/AppData/Local/Temp/anonymous3406990483298765207webdriver-profile/extensions/fxdriver@googlecode.com/components/driver-component.js:10659)
	at &lt;anonymous class&gt;.fxdriver.Timer.prototype.setTimeout/&lt;.notify(file:///C:/Users/Li/AppData/Local/Temp/anonymous3406990483298765207webdriver-profile/extensions/fxdriver@googlecode.com/components/driver-component.js:621)
</failure>
    <system-out>17:54:34.395 [main] INFO  test.java.utility.Log - XXXXXXXXXXXXXXXXXXXXXXX             -E---N---D-             XXXXXXXXXXXXXXXXXXXXXX
17:54:34.396 [main] INFO  test.java.utility.Log - X
17:54:34.396 [main] INFO  test.java.utility.Log - X
17:54:34.397 [main] INFO  test.java.utility.Log - X
17:54:34.397 [main] INFO  test.java.utility.Log - X
17:54:34.414 [main] INFO  test.java.utility.Log - ****************************************************************************************
17:54:34.414 [main] INFO  test.java.utility.Log - ****************************************************************************************
17:54:34.415 [main] INFO  test.java.utility.Log - $$$$$$$$$$$$$$$$$$$$$                 TestFramework_002       $$$$$$$$$$$$$$$$$$$$$$$$$
17:54:34.415 [main] INFO  test.java.utility.Log - ****************************************************************************************
17:54:34.415 [main] INFO  test.java.utility.Log - ****************************************************************************************
17:54:34.422 [main] INFO  test.java.utility.Log - Excel sheet opened
17:54:34.422 [main] INFO  test.java.utility.Log - Total number of Row used return as &lt; 2 &gt;.
17:54:37.587 [main] INFO  test.java.utility.Log - New driver instantiated
17:54:52.788 [main] INFO  test.java.utility.Log - Maximize the browser window
17:54:52.808 [main] INFO  test.java.utility.Log - Implicit wait applied on the driver for 10 seconds
17:55:04.655 [main] INFO  test.java.utility.Log - Web application launched successfully
17:55:04.841 [main] INFO  test.java.utility.Log - My Account link is found on the Home Page
17:55:05.053 [main] INFO  test.java.utility.Log - Click action is perfromed on My Account link
17:55:12.971 [main] INFO  test.java.utility.Log - Username text box is found on the Login Page
17:55:13.049 [main] INFO  test.java.utility.Log - richardli1981@gmail.com is entered in UserName text box
17:55:13.064 [main] INFO  test.java.utility.Log - Password text box is found on the Login page
17:55:13.121 [main] INFO  test.java.utility.Log - Ethoca@Richard is entered in Password text box
17:55:13.132 [main] INFO  test.java.utility.Log - Submit button is found on the Login page
17:55:13.249 [main] INFO  test.java.utility.Log - Click action is performed on Submit button
17:55:19.461 [main] INFO  test.java.utility.Log - Log Out link is found on the Home Page
17:55:22.975 [main] INFO  test.java.utility.Log - Product category link is found under Top Navigation
17:55:23.165 [main] INFO  test.java.utility.Log - iMacs link is found under Product Category
17:55:23.302 [main] INFO  test.java.utility.Log - Click action is performed on the selected Product Type
17:55:23.303 [main] INFO  test.java.utility.Log - Product Type iMacs is selected from the Top menu
17:55:29.810 [main] INFO  test.java.utility.Log - Add to Cart button is found for Product 1
17:55:30.118 [main] INFO  test.java.utility.Log - Product 1 is selected from the Product listing page
17:55:32.262 [main] INFO  test.java.utility.Log - Go to Cart button is found on the Cart Pop Up window
17:55:56.262 [main] INFO  test.java.utility.Log - Go to Cart button is not found on the Cart Pop Up window
17:55:56.680 [main] ERROR test.java.utility.Log - Unable to locate element: {&quot;method&quot;:&quot;class name&quot;,&quot;selector&quot;:&quot;go_to_checkout&quot;}
Command duration or timeout: 20.06 seconds
For documentation on this error, please visit: http://seleniumhq.org/exceptions/no_such_element.html
Build info: version: &apos;2.48.2&apos;, revision: &apos;41bccdd10cf2c0560f637404c2d96164b67d9d67&apos;, time: &apos;2015-10-09 13:08:06&apos;
System info: host: &apos;Richard&apos;, ip: &apos;192.168.138.1&apos;, os.name: &apos;Windows 8.1&apos;, os.arch: &apos;amd64&apos;, os.version: &apos;6.3&apos;, java.version: &apos;1.8.0_45&apos;
Driver info: org.openqa.selenium.firefox.FirefoxDriver
Capabilities [{applicationCacheEnabled=true, rotatable=false, handlesAlerts=true, databaseEnabled=true, version=41.0.2, platform=WINDOWS, nativeEvents=false, acceptSslCerts=true, webStorageEnabled=true, locationContextEnabled=true, browserName=firefox, takesScreenshot=true, javascriptEnabled=true, cssSelectorsEnabled=true}]
Session ID: 34723239-9c8e-45d2-b0db-161e53fb4006
*** Element info: {Using=class name, value=go_to_checkout}
</system-out>
  </testcase>
</testsuite>